<html>
<body>
<pre>
<h1>Vision Build Log</h1>
<h2>Project:</h2>
D:\Documents\Me\智能管家\智能管家\Project\RVMDK（uv4）\iSO-STM32.uvproj
Project File Date:  04/21/2016

<h2>Output:</h2>
Build target '智能管家'
compiling main.c...
..\..\User\main.c(63): error:  #29: expected an expression
..\..\User\main.c(63): error:  #140: too many arguments in function call
..\..\User\main.c(76): warning:  #223-D: function "getspeed" declared implicitly
compiling exti.c...
compiling usart_test.c...
compiling tim.c...
"..\..\Output\Template.axf" - 2 Errors, 1 Warning(s).
Target not created
Build target '智能管家'
compiling main.c...
..\..\User\main.c(76): warning:  #223-D: function "getspeed" declared implicitly
linking...
..\..\Output\Template.axf: Error: L6218E: Undefined symbol getspeed (referred from main.o).
"..\..\Output\Template.axf" - 1 Errors, 1 Warning(s).
Target not created
Build target '智能管家'
compiling main.c...
linking...
Program Size: Code=13192 RO-data=336 RW-data=64 ZI-data=1152  
FromELF: creating hex file...
"..\..\Output\Template.axf" - 0 Errors, 0 Warning(s).
Build target '智能管家'
linking...
Program Size: Code=13192 RO-data=336 RW-data=64 ZI-data=1152  
FromELF: creating hex file...
"..\..\Output\Template.axf" - 0 Errors, 0 Warning(s).
